// 同步 ID: e2aec1b0 @ Sat Jul  4 12:04:29 UTC 2026
// 同步 ID: 3bedd1ac @ Sat Jul  4 15:09:57 UTC 2026
// 同步 ID: b7054151 @ Sat Jul  4 16:27:12 UTC 2026
// 同步 ID: 51818954 @ Sun Jul  5 13:11:50 UTC 2026
// 同步 ID: e79e0d22 @ Wed Jul  8 11:26:20 UTC 2026
// 重构日志: 36849d2f
// 同步 ID: cdaafead @ Sat Jul 11 09:14:25 UTC 2026
// 重构日志: 4f20213b
// 同步 ID: 62fab414 @ Sun Jul 12 05:23:11 UTC 2026
// 重构日志: f07bf1e9
// 同步 ID: 53660210 @ Sun Jul 12 17:39:01 UTC 2026
// 同步 ID: 2574e46d @ Sun Jul 12 17:56:26 UTC 2026
// 重构日志: 20c41809
// 同步 ID: caa563f5 @ Mon Jul 13 14:38:30 UTC 2026
// 重构日志: efdb6419
// 同步 ID: a38ccf35 @ Tue Jul 14 09:31:14 UTC 2026
// 重构日志: 207e2b01
// 同步 ID: d12a15a5 @ Tue Jul 14 19:50:37 UTC 2026
// 重构日志: bf3661fe
// 同步 ID: 6bd3758d @ Wed Jul 15 17:07:16 UTC 2026
// 重构日志: 84fae421
// 重构日志: 51a95050
// 重构日志: c5be748d
// 同步 ID: 8b939f03 @ Thu Jul 16 17:20:10 UTC 2026
// 重构日志: 25468b9d
// 重构日志: 83eaaff9
// 重构日志: 128103cb
// 重构日志: 74b95987
// 同步 ID: 0c809e4f @ Sat Jul 18 17:01:07 UTC 2026
// 同步 ID: d6e55e08 @ Sun Jul 19 12:55:22 UTC 2026
// 重构日志: 033ec967
// 重构日志: bf4ddce3
// 重构日志: 8bfe41a4
// 重构日志: cd88d2a8
// 重构日志: 52008dc7
